[INFO] Scanning for projects...
[INFO] 
[INFO] -----------------< com.example.chatbotrag:chatbot_rag >-----------------
[INFO] Building chatbot_rag 0.0.1-SNAPSHOT
[INFO]   from pom.xml
[INFO] --------------------------------[ jar ]---------------------------------
[INFO] 
[INFO] >>> spring-boot:3.4.4:run (default-cli) > test-compile @ chatbot_rag >>>
[INFO] 
[INFO] --- resources:3.3.1:resources (default-resources) @ chatbot_rag ---
[INFO] Copying 1 resource from src\main\resources to target\classes
[INFO] Copying 0 resource from src\main\resources to target\classes
[INFO] 
[INFO] --- compiler:3.13.0:compile (default-compile) @ chatbot_rag ---
[INFO] Nothing to compile - all classes are up to date.
[INFO] 
[INFO] --- resources:3.3.1:testResources (default-testResources) @ chatbot_rag ---
[INFO] skip non existing resourceDirectory C:\Users\PC\Desktop\backen_version_final-main\src\test\resources
[INFO] 
[INFO] --- compiler:3.13.0:testCompile (default-testCompile) @ chatbot_rag ---
[INFO] Nothing to compile - all classes are up to date.
[INFO] 
[INFO] <<< spring-boot:3.4.4:run (default-cli) < test-compile @ chatbot_rag <<<
[INFO] 
[INFO] 
[INFO] --- spring-boot:3.4.4:run (default-cli) @ chatbot_rag ---
[INFO] Attaching agents: []
[APP] ChatbotRagApplication démarre
Standard Commons Logging discovery in action with spring-jcl: please remove commons-logging.jar from classpath in order to avoid potential conflicts

  .   ____          _            __ _ _
 /\\ / ___'_ __ _ _(_)_ __  __ _ \ \ \ \
( ( )\___ | '_ | '_| | '_ \/ _` | \ \ \ \
 \\/  ___)| |_)| | | | | || (_| |  ) ) ) )
  '  |____| .__|_| |_|_| |_\__, | / / / /
 =========|_|==============|___/=/_/_/_/

 :: Spring Boot ::                (v3.4.4)

2025-06-30T17:02:32.711+01:00  INFO 17700 --- [chatbot_rag] [           main] c.e.chatbotrag.ChatbotRagApplication     : Starting ChatbotRagApplication using Java 21.0.6 with PID 17700 (C:\Users\PC\Desktop\backen_version_final-main\target\classes started by PC in C:\Users\PC\Desktop\backen_version_final-main)
2025-06-30T17:02:32.715+01:00  INFO 17700 --- [chatbot_rag] [           main] c.e.chatbotrag.ChatbotRagApplication     : No active profile set, falling back to 1 default profile: "default"
2025-06-30T17:02:33.297+01:00  INFO 17700 --- [chatbot_rag] [           main] .s.d.r.c.RepositoryConfigurationDelegate : Bootstrapping Spring Data JPA repositories in DEFAULT mode.
2025-06-30T17:02:33.353+01:00  INFO 17700 --- [chatbot_rag] [           main] .s.d.r.c.RepositoryConfigurationDelegate : Finished Spring Data repository scanning in 48 ms. Found 3 JPA repository interfaces.
2025-06-30T17:02:33.866+01:00  INFO 17700 --- [chatbot_rag] [           main] o.s.b.w.embedded.tomcat.TomcatWebServer  : Tomcat initialized with port 8080 (http)
2025-06-30T17:02:33.878+01:00  INFO 17700 --- [chatbot_rag] [           main] o.apache.catalina.core.StandardService   : Starting service [Tomcat]
2025-06-30T17:02:33.878+01:00  INFO 17700 --- [chatbot_rag] [           main] o.apache.catalina.core.StandardEngine    : Starting Servlet engine: [Apache Tomcat/10.1.39]
2025-06-30T17:02:33.949+01:00  INFO 17700 --- [chatbot_rag] [           main] o.a.c.c.C.[Tomcat].[localhost].[/]       : Initializing Spring embedded WebApplicationContext
2025-06-30T17:02:33.949+01:00  INFO 17700 --- [chatbot_rag] [           main] w.s.c.ServletWebServerApplicationContext : Root WebApplicationContext: initialization completed in 1193 ms
Standard Commons Logging discovery in action with spring-jcl: please remove commons-logging.jar from classpath in order to avoid potential conflicts
2025-06-30T17:02:34.081+01:00  INFO 17700 --- [chatbot_rag] [           main] o.hibernate.jpa.internal.util.LogHelper  : HHH000204: Processing PersistenceUnitInfo [name: default]
2025-06-30T17:02:34.134+01:00  INFO 17700 --- [chatbot_rag] [           main] org.hibernate.Version                    : HHH000412: Hibernate ORM core version 6.6.11.Final
2025-06-30T17:02:34.164+01:00  INFO 17700 --- [chatbot_rag] [           main] o.h.c.internal.RegionFactoryInitiator    : HHH000026: Second-level cache disabled
2025-06-30T17:02:34.417+01:00  INFO 17700 --- [chatbot_rag] [           main] o.s.o.j.p.SpringPersistenceUnitInfo      : No LoadTimeWeaver setup: ignoring JPA class transformer
2025-06-30T17:02:34.444+01:00  INFO 17700 --- [chatbot_rag] [           main] com.zaxxer.hikari.HikariDataSource       : HikariPool-1 - Starting...
2025-06-30T17:02:34.587+01:00  INFO 17700 --- [chatbot_rag] [           main] com.zaxxer.hikari.pool.HikariPool        : HikariPool-1 - Added connection com.mysql.cj.jdbc.ConnectionImpl@7e50eeb9
2025-06-30T17:02:34.589+01:00  INFO 17700 --- [chatbot_rag] [           main] com.zaxxer.hikari.HikariDataSource       : HikariPool-1 - Start completed.
2025-06-30T17:02:34.609+01:00  WARN 17700 --- [chatbot_rag] [           main] org.hibernate.orm.deprecation            : HHH90000025: MySQL8Dialect does not need to be specified explicitly using 'hibernate.dialect' (remove the property setting and it will be selected by default)
2025-06-30T17:02:34.610+01:00  WARN 17700 --- [chatbot_rag] [           main] org.hibernate.orm.deprecation            : HHH90000026: MySQL8Dialect has been deprecated; use org.hibernate.dialect.MySQLDialect instead
2025-06-30T17:02:34.625+01:00  INFO 17700 --- [chatbot_rag] [           main] org.hibernate.orm.connections.pooling    : HHH10001005: Database info:
	Database JDBC URL [Connecting through datasource 'HikariDataSource (HikariPool-1)']
	Database driver: undefined/unknown
	Database version: 8.0
	Autocommit mode: undefined/unknown
	Isolation level: undefined/unknown
	Minimum pool size: undefined/unknown
	Maximum pool size: undefined/unknown
2025-06-30T17:02:35.457+01:00  INFO 17700 --- [chatbot_rag] [           main] o.h.e.t.j.p.i.JtaPlatformInitiator       : HHH000489: No JTA platform available (set 'hibernate.transaction.jta.platform' to enable JTA platform integration)
2025-06-30T17:02:35.556+01:00  INFO 17700 --- [chatbot_rag] [           main] j.LocalContainerEntityManagerFactoryBean : Initialized JPA EntityManagerFactory for persistence unit 'default'
2025-06-30T17:02:35.881+01:00  INFO 17700 --- [chatbot_rag] [           main] eAuthenticationProviderManagerConfigurer : Global AuthenticationManager configured with AuthenticationProvider bean with name authProvider
2025-06-30T17:02:35.882+01:00  WARN 17700 --- [chatbot_rag] [           main] r$InitializeUserDetailsManagerConfigurer : Global AuthenticationManager configured with an AuthenticationProvider bean. UserDetailsService beans will not be used by Spring Security for automatically configuring username/password login. Consider removing the AuthenticationProvider bean. Alternatively, consider using the UserDetailsService in a manually instantiated DaoAuthenticationProvider. If the current configuration is intentional, to turn off this warning, increase the logging level of 'org.springframework.security.config.annotation.authentication.configuration.InitializeUserDetailsBeanManagerConfigurer' to ERROR
2025-06-30T17:02:36.244+01:00  INFO 17700 --- [chatbot_rag] [           main] o.s.d.j.r.query.QueryEnhancerFactory     : Hibernate is in classpath; If applicable, HQL parser will be used.
[API] ChunkController instancié
2025-06-30T17:02:36.289+01:00  WARN 17700 --- [chatbot_rag] [           main] JpaBaseConfiguration$JpaWebConfiguration : spring.jpa.open-in-view is enabled by default. Therefore, database queries may be performed during view rendering. Explicitly configure spring.jpa.open-in-view to disable this warning
2025-06-30T17:02:36.678+01:00  INFO 17700 --- [chatbot_rag] [           main] o.s.b.w.embedded.tomcat.TomcatWebServer  : Tomcat started on port 8080 (http) with context path '/'
2025-06-30T17:02:36.684+01:00  INFO 17700 --- [chatbot_rag] [           main] c.e.chatbotrag.ChatbotRagApplication     : Started ChatbotRagApplication in 4.348 seconds (process running for 4.727)
Hibernate: select count(*) from admin_user au1_0
?? Admin existant détecté. Aucun nouveau compte créé.
2025-06-30T17:05:25.178+01:00  INFO 17700 --- [chatbot_rag] [nio-8080-exec-1] o.a.c.c.C.[Tomcat].[localhost].[/]       : Initializing Spring DispatcherServlet 'dispatcherServlet'
2025-06-30T17:05:25.178+01:00  INFO 17700 --- [chatbot_rag] [nio-8080-exec-1] o.s.web.servlet.DispatcherServlet        : Initializing Servlet 'dispatcherServlet'
2025-06-30T17:05:25.179+01:00  INFO 17700 --- [chatbot_rag] [nio-8080-exec-1] o.s.web.servlet.DispatcherServlet        : Completed initialization in 1 ms
[CHAT_SERVICE] ? Début du traitement de la question: hello
Hibernate: select c1_0.id,c1_0.document_id,c1_0.text from chunk c1_0
[ERROR][Global] NoResourceFoundException: No static resource chat/history.
